{
"/home/nik/code/fxd/api.js":{"path":"/home/nik/code/fxd/api.js","s":{"1":1,"2":1,"3":1,"4":1,"5":0,"6":1,"7":1,"8":1,"9":1,"10":1,"11":1,"12":0,"13":0,"14":0},"b":{},"f":{"1":1,"2":1,"3":1,"4":1,"5":0},"fnMap":{"1":{"name":"(anonymous_1)","line":24,"loc":{"start":{"line":24,"column":20},"end":{"line":24,"column":38}}},"2":{"name":"(anonymous_2)","line":26,"loc":{"start":{"line":26,"column":65},"end":{"line":26,"column":98}}},"3":{"name":"(anonymous_3)","line":35,"loc":{"start":{"line":35,"column":20},"end":{"line":35,"column":38}}},"4":{"name":"(anonymous_4)","line":36,"loc":{"start":{"line":36,"column":60},"end":{"line":36,"column":93}}},"5":{"name":"(anonymous_5)","line":43,"loc":{"start":{"line":43,"column":10},"end":{"line":43,"column":23}}}},"statementMap":{"1":{"start":{"line":3,"column":0},"end":{"line":3,"column":33}},"2":{"start":{"line":5,"column":0},"end":{"line":5,"column":19}},"3":{"start":{"line":7,"column":0},"end":{"line":16,"column":1}},"4":{"start":{"line":8,"column":4},"end":{"line":8,"column":52}},"5":{"start":{"line":10,"column":4},"end":{"line":15,"column":6}},"6":{"start":{"line":18,"column":0},"end":{"line":18,"column":41}},"7":{"start":{"line":20,"column":0},"end":{"line":49,"column":2}},"8":{"start":{"line":26,"column":16},"end":{"line":28,"column":19}},"9":{"start":{"line":27,"column":20},"end":{"line":27,"column":37}},"10":{"start":{"line":36,"column":16},"end":{"line":38,"column":19}},"11":{"start":{"line":37,"column":20},"end":{"line":37,"column":37}},"12":{"start":{"line":44,"column":8},"end":{"line":46,"column":84}},"13":{"start":{"line":45,"column":12},"end":{"line":46,"column":84}},"14":{"start":{"line":46,"column":16},"end":{"line":46,"column":84}}},"branchMap":{},"l":{"3":1,"5":1,"7":1,"8":1,"10":0,"18":1,"20":1,"26":1,"27":1,"36":1,"37":1,"44":0,"45":0,"46":0}}}
